[dotenv@17.3.1] injecting env (1) from .env -- tip: 🔐 encrypt with Dotenvx: https://dotenvx.com
🚀 드림핵 자동 수강 봇 시작...

[2026-03-02 22:04:13] [32MINFO[39M: 🌐 Chrome 실행 중...
[2026-03-02 22:04:14] [32MINFO[39M: 🔗 Chrome 연결 성공
[2026-03-02 22:04:17] [32MINFO[39M: 🔑 로그인 상태 확인됨
📚 커리큘럼 페이지 접속: https://dreamhack.io/euser/curriculums/916
[2026-03-02 22:04:21] [32MINFO[39M: ⏱️  대기 중... (4초)
🔍 미완료 강의 목록 파싱 중...
🎯 미완료 강의 2개 발견


▶️  [1/2] https://learn.dreamhack.io/quiz/64
📝 퀴즈 페이지 감지됨!
📝 퀴즈: "Quiz: x86 Assembly 1"
📋 총 11개 문제

  --- 문제 1/11 ---
[2026-03-02 22:04:28] [32MINFO[39M: ⏱️  대기 중... (0초)
  🔘 보기 5개 발견
  🤖 AI 예측: [2]
[2026-03-02 22:05:14] [32MINFO[39M: ⏱️  대기 중... (0초)
[2026-03-02 22:05:14] [32MINFO[39M: ⏱️  대기 중... (0초)
  📤 확인 클릭
[2026-03-02 22:05:14] [32MINFO[39M: ⏱️  대기 중... (4초)
  🔍 디버그: [quiz-question] main: [question-main is-correct]
  🔍 버튼: *다음 문제(V), 확인(V), 확인(V), 확인(V), 확인(V), 확인(V), 확인(V), 확인(V), 확인(V), 확인(V), 확인(V)
  🎉 AI 정답!
  ➡️ 다음 버튼 클릭 완료 (btn="다음 문제")
[2026-03-02 22:05:18] [32MINFO[39M: ⏱️  대기 중... (1초)

  --- 문제 2/11 ---
[2026-03-02 22:05:19] [32MINFO[39M: ⏱️  대기 중... (0초)
  🔘 보기 5개 발견
  🤖 AI 예측: [1]
[2026-03-02 22:06:15] [32MINFO[39M: ⏱️  대기 중... (0초)
[2026-03-02 22:06:15] [32MINFO[39M: ⏱️  대기 중... (0초)
  📤 확인 클릭
[2026-03-02 22:06:16] [32MINFO[39M: ⏱️  대기 중... (4초)
  🔍 디버그: [quiz-question] main: [question-main is-correct]
  🔍 버튼: 다음 문제(V), *다음 문제(V), 확인(V), 확인(V), 확인(V), 확인(V), 확인(V), 확인(V), 확인(V), 확인(V), 확인(V)
  🎉 AI 정답!
  ➡️ 다음 버튼 클릭 완료 (btn="다음 문제")
[2026-03-02 22:06:20] [32MINFO[39M: ⏱️  대기 중... (0초)

  --- 문제 3/11 ---
[2026-03-02 22:06:20] [32MINFO[39M: ⏱️  대기 중... (0초)
  🔘 보기 5개 발견
  🤖 AI 예측: [4]
