
> dreamhack-bot@1.0.0 start
> node bot.js

[dotenv@17.3.1] injecting env (1) from .env -- tip: ⚙️  write to custom object with { processEnv: myObject }
🚀 드림핵 자동 수강 봇 시작...

[2026-03-02 16:31:05] [32MINFO[39M: 🌐 Chrome 실행 중...
[2026-03-02 16:31:05] [32MINFO[39M: 🔗 Chrome 연결 성공
[2026-03-02 16:31:09] [32MINFO[39M: 🔑 로그인 상태 확인됨
📚 커리큘럼 페이지 접속: https://dreamhack.io/euser/curriculums/916
[2026-03-02 16:31:12] [32MINFO[39M: ⏱️  대기 중... (4초)
🔍 미완료 강의 목록 파싱 중...
🎯 미완료 강의 2개 발견


▶️  [1/2] https://learn.dreamhack.io/quiz/64
📝 퀴즈 페이지 감지됨!
📝 퀴즈: "Quiz: x86 Assembly 1"
📋 총 11개 문제

  --- 문제 1/11 ---
[2026-03-02 16:31:18] [32MINFO[39M: ⏱️  대기 중... (0초)
  🔘 보기 5개 발견
  🤖 AI 예측: [1]
[2026-03-02 16:31:21] [32MINFO[39M: ⏱️  대기 중... (0초)
[2026-03-02 16:31:21] [32MINFO[39M: ⏱️  대기 중... (0초)
  📤 확인 클릭
[2026-03-02 16:31:21] [32MINFO[39M: ⏱️  대기 중... (1초)
  🎉 AI 정답!
  ➡️ 다음 버튼 클릭 완료 (btn="다음 문제")
[2026-03-02 16:31:22] [32MINFO[39M: ⏱️  대기 중... (0초)

  --- 문제 2/11 ---
[2026-03-02 16:31:23] [32MINFO[39M: ⏱️  대기 중... (0초)
  🔘 보기 5개 발견
  🤖 AI 예측: [0]
[2026-03-02 16:31:25] [32MINFO[39M: ⏱️  대기 중... (0초)
[2026-03-02 16:31:25] [32MINFO[39M: ⏱️  대기 중... (0초)
  📤 확인 클릭
[2026-03-02 16:31:25] [32MINFO[39M: ⏱️  대기 중... (1초)
  🎉 AI 정답!
  ➡️ 다음 버튼 클릭 완료 (btn="다음 문제")
[2026-03-02 16:31:26] [32MINFO[39M: ⏱️  대기 중... (1초)

  --- 문제 3/11 ---
[2026-03-02 16:31:27] [32MINFO[39M: ⏱️  대기 중... (0초)
  🔘 보기 5개 발견
  🤖 AI 예측: [3]
[2026-03-02 16:31:29] [32MINFO[39M: ⏱️  대기 중... (0초)
[2026-03-02 16:31:29] [32MINFO[39M: ⏱️  대기 중... (0초)
  📤 확인 클릭
[2026-03-02 16:31:30] [32MINFO[39M: ⏱️  대기 중... (1초)
  ❌ AI 오답. 브루트포스 전환...
  🔄 재도전 버튼 클릭
[2026-03-02 16:31:30] [32MINFO[39M: ⏱️  대기 중... (1초)
  🔄 [보기 1/5]: "0x31339"
[2026-03-02 16:31:31] [32MINFO[39M: ⏱️  대기 중... (0초)
[2026-03-02 16:31:31] [32MINFO[39M: ⏱️  대기 중... (0초)
  ℹ️ 확인 버튼 없음 (단일클릭 제출 또는 이미 결과 노출)
  ❌ 오답.
  🔄 재도전 버튼 클릭
[2026-03-02 16:31:33] [32MINFO[39M: ⏱️  대기 중... (0초)
  🔄 [보기 2/5]: "0x31336"
[2026-03-02 16:31:33] [32MINFO[39M: ⏱️  대기 중... (0초)
[2026-03-02 16:31:33] [32MINFO[39M: ⏱️  대기 중... (0초)
  ℹ️ 확인 버튼 없음 (단일클릭 제출 또는 이미 결과 노출)
  ❌ 오답.
  🔄 재도전 버튼 클릭
[2026-03-02 16:31:35] [32MINFO[39M: ⏱️  대기 중... (0초)
  🔄 [보기 3/5]: "0x31337"
[2026-03-02 16:31:35] [32MINFO[39M: ⏱️  대기 중... (0초)
[2026-03-02 16:31:35] [32MINFO[39M: ⏱️  대기 중... (0초)
  ℹ️ 확인 버튼 없음 (단일클릭 제출 또는 이미 결과 노출)
  ❌ 오답.
  🔄 재도전 버튼 클릭
[2026-03-02 16:31:37] [32MINFO[39M: ⏱️  대기 중... (0초)
  🔄 [보기 5/5]: "0x3133A"
[2026-03-02 16:31:37] [32MINFO[39M: ⏱️  대기 중... (0초)
[2026-03-02 16:31:38] [32MINFO[39M: ⏱️  대기 중... (0초)
  ℹ️ 확인 버튼 없음 (단일클릭 제출 또는 이미 결과 노출)
  ❌ 오답.
  🔄 재도전 버튼 클릭
[2026-03-02 16:31:39] [32MINFO[39M: ⏱️  대기 중... (1초)
  ⚠️  정답을 찾지 못함.

  --- 문제 4/11 ---
[2026-03-02 16:31:40] [32MINFO[39M: ⏱️  대기 중... (0초)
  🔘 보기 5개 발견
  🤖 AI 예측: [2]
[2026-03-02 16:31:43] [32MINFO[39M: ⏱️  대기 중... (0초)
[2026-03-02 16:31:43] [32MINFO[39M: ⏱️  대기 중... (0초)
  📤 확인 클릭
[2026-03-02 16:31:44] [32MINFO[39M: ⏱️  대기 중... (1초)
  ❌ AI 오답. 브루트포스 전환...
[2026-03-02 16:31:48] [32MINFO[39M: ⏱️  대기 중... (1초)
  🔄 [보기 1/5]: "0x31337"
[2026-03-02 16:31:49] [32MINFO[39M: ⏱️  대기 중... (0초)
[2026-03-02 16:31:49] [32MINFO[39M: ⏱️  대기 중... (0초)
  📤 확인 클릭
[2026-03-02 16:31:49] [32MINFO[39M: ⏱️  대기 중... (1초)
  ❌ 오답.
[2026-03-02 16:31:54] [32MINFO[39M: ⏱️  대기 중... (0초)
  🔄 [보기 2/5]: "1"
[2026-03-02 16:31:54] [32MINFO[39M: ⏱️  대기 중... (0초)
[2026-03-02 16:31:54] [32MINFO[39M: ⏱️  대기 중... (0초)
  📤 확인 클릭
[2026-03-02 16:31:54] [32MINFO[39M: ⏱️  대기 중... (1초)
  ❌ 오답.
[2026-03-02 16:31:59] [32MINFO[39M: ⏱️  대기 중... (0초)
  🔄 [보기 4/5]: "0x31338"
[2026-03-02 16:32:00] [32MINFO[39M: ⏱️  대기 중... (0초)
[2026-03-02 16:32:00] [32MINFO[39M: ⏱️  대기 중... (0초)
  📤 확인 클릭
[2026-03-02 16:32:00] [32MINFO[39M: ⏱️  대기 중... (1초)
  ❌ 오답.
[2026-03-02 16:32:05] [32MINFO[39M: ⏱️  대기 중... (1초)
  🔄 [보기 5/5]: "2"
